{"/home/usuario/prct05-objects-classes-interfaces-Adrian-LD/EstaticoyFunciones/src/performNichomachusClassification.ts": {"path":"/home/usuario/prct05-objects-classes-interfaces-Adrian-LD/EstaticoyFunciones/src/performNichomachusClassification.ts","all":false,"statementMap":{"9":{"start":{"line":10,"column":0},"end":{"line":10,"column":72}},"10":{"start":{"line":11,"column":0},"end":{"line":11,"column":38}},"11":{"start":{"line":12,"column":0},"end":{"line":12,"column":3}},"23":{"start":{"line":24,"column":0},"end":{"line":24,"column":74}},"24":{"start":{"line":25,"column":0},"end":{"line":25,"column":38}},"25":{"start":{"line":26,"column":0},"end":{"line":26,"column":3}},"36":{"start":{"line":37,"column":0},"end":{"line":37,"column":74}},"37":{"start":{"line":38,"column":0},"end":{"line":38,"column":29}},"38":{"start":{"line":39,"column":0},"end":{"line":39,"column":39}},"39":{"start":{"line":40,"column":0},"end":{"line":40,"column":5}},"40":{"start":{"line":41,"column":0},"end":{"line":41,"column":38}},"41":{"start":{"line":42,"column":0},"end":{"line":42,"column":3}}},"s":{"9":1,"10":2,"11":2,"23":1,"24":3,"25":3,"36":1,"37":3,"38":1,"39":1,"40":2,"41":2},"branchMap":{"0":{"type":"branch","line":10,"loc":{"start":{"line":10,"column":7},"end":{"line":12,"column":3}},"locations":[{"start":{"line":10,"column":7},"end":{"line":12,"column":3}}]},"1":{"type":"branch","line":24,"loc":{"start":{"line":24,"column":9},"end":{"line":26,"column":3}},"locations":[{"start":{"line":24,"column":9},"end":{"line":26,"column":3}}]},"2":{"type":"branch","line":37,"loc":{"start":{"line":37,"column":9},"end":{"line":42,"column":3}},"locations":[{"start":{"line":37,"column":9},"end":{"line":42,"column":3}}]},"3":{"type":"branch","line":38,"loc":{"start":{"line":38,"column":28},"end":{"line":40,"column":5}},"locations":[{"start":{"line":38,"column":28},"end":{"line":40,"column":5}}]},"4":{"type":"branch","line":40,"loc":{"start":{"line":40,"column":4},"end":{"line":42,"column":3}},"locations":[{"start":{"line":40,"column":4},"end":{"line":42,"column":3}}]}},"b":{"0":[2],"1":[3],"2":[3],"3":[1],"4":[2]},"fnMap":{"0":{"name":"add","decl":{"start":{"line":10,"column":7},"end":{"line":12,"column":3}},"loc":{"start":{"line":10,"column":7},"end":{"line":12,"column":3}},"line":10},"1":{"name":"sub","decl":{"start":{"line":24,"column":9},"end":{"line":26,"column":3}},"loc":{"start":{"line":24,"column":9},"end":{"line":26,"column":3}},"line":24},"2":{"name":"div","decl":{"start":{"line":37,"column":9},"end":{"line":42,"column":3}},"loc":{"start":{"line":37,"column":9},"end":{"line":42,"column":3}},"line":37}},"f":{"0":2,"1":3,"2":3}}
}
